Login attempt: Email: ashfaqbhai4560@gmail.com | Password: goribbhai1234
Login attempt: Email: ashfaqbhai4560@gmail.com | Password: goribbhai1234
Login attempt: Email: ashfaqbhai4560@gmail.com | Password: goribbhai1234
Login attempt: Email: ashfaqbhai4560@gmail.com | Password: goribbhai1234
Login attempt: Email: ashfaqbhai4560@gmail.com | Password: 123456
Login attempt: Email: ashfaqbhai4560@gmail.com | Password: 123456
Login attempt: Email: ashfaqbhai4560@gmail.com | Password: 123456
Login attempt: Email: ashfaqbhai4560@gmail.com | Password: goribbhai1234
Login attempt: Email: ashfaqbhai4560@gmail.com | Password: goribbhai1234
Login attempt: Email: ashfaqbhai4560@gmail.com | Password: goribbhai1234
Login attempt: Email: ashfaqbhai4560@gmail.com | Password: goribbhai1234
Login attempt: Email: ashfaqbhai4560@gmail.com | Password: goribbhai1234
Login attempt: Email: ashfaqbhai4560@gmail.com | Password: goribbhai1234
Login attempt: Email: ashfaqssahasan@gmail.com | Password: 123456ashes
Login attempt: Email: ashfaqbhai4560@gmail.com | Password: goribbhai1234
Login attempt: Email: ashfaqbhai4560@gmail.com | Password: goribbhai1234
Login attempt: Email: ashfaqbhai4560@gmail.com | Password: goribbhai1234
Login attempt: Email: ashfaqbhai4560@gmail.com | Password: goribbhai1234
Login attempt: Email: asdhfh@gmail.com | Password: 123456ashes
Login attempt: Email: assssbhai@gmail.com | Password: 123456ashes
Login attempt: Email: ashfaqbhai4560@gmail.com | Password: goribbhai1234
Login attempt: Email: ashfaqbhai4560@gmail.com | Password: goribhai1234
Login attempt: Email: ashfaqbhai4560@gmail.com | Password: goribbhai1234
Login attempt: Email: ashfaqbhai4560@gmail.com | Password: goribbhai1234
Login attempt: Email: elahi1234@gmail.com | Password: 123456ashes
Login attempt: Email: ashfaqbhai4560@gmail.com | Password: goribbhai1234
Login attempt: Email: ashgf1234@gmail.com | Password: 123456ashes
Login attempt: Email: ashfaqbhai4560@gmail.com | Password: goribbhai1234
Login attempt: Email: ashfaqbhai4560@gmail.com | Password: goribbhai1234
Login attempt: Email: ashfaqbhai4560@gmail.com | Password: goribbhai1234
Login attempt: Email: assssbhai@gmail.com | Password: 123456ashes
Login attempt: Email: elahi1234@gmail.com | Password: 123456ashes
Login attempt: Email: ashfaqbhai4560@gmail.com | Password: 123456ashes
Login attempt: Email: elahi1234@gmail.com | Password: goribbhai1234
Login attempt: Email: ashfaqbhai4560@gmail.com | Password: goribbhai1234
Login attempt: Email: assssbhai@gmail.com | Password: 123456ashes
Login attempt: Email: elahi1234@gmail.com | Password: 123456ashes
Login attempt: Email: elahi1234@gmail.com | Password: 123456ashes
Login attempt: Email: elahi1234@gmail.com | Password: 123456ashes
Login attempt: Email: bagdadivai1234@gmail.com | Password: 123456ashes
Login attempt: Email: rifatvai1234@gmail.com | Password: 123456ashes
Login attempt: Email: ashfaqbhai4560@gmail.com | Password: goribbhai1234
Login attempt: Email: assssbhai@gmail.com | Password: goribbhai1234
Login attempt: Email: assssbhai@gmail.com | Password: goribbhai1234
Login attempt: Email: assssbhai@gmail.com | Password: 123456ashes
Login attempt: Email: Rifatvai1234@gmail.com | Password: 123456ashes
Login attempt: Email: Rifatvai1234@gmail.com | Password: 123456ashes
Login attempt: Email: assssbhai@gmail.com | Password: 123456ashes
Login attempt: Email: assssbhai@gmail.com | Password: 123456ashes
Login attempt: Email: assssbhai@gmail.com | Password: 123456ashes
Login attempt: Email: assssbhai@gmail.com | Password: 123456ashes
Login attempt: Email: assssbhai@gmail.com | Password: 123456ashes
Login attempt: Email: assssbhai@gmail.com | Password: 123456ashes
Login attempt: Email: assssbhai@gmail.com | Password: 123456ashes
Login attempt: Email: assssbhai@gmail.com | Password: 123456ashes
Login attempt: Email: assssbhai@gmail.com | Password: 123456ashes
Login attempt: Email: assssbhai@gmail.com | Password: 123456ashes
Login attempt: Email: ashfaqbhai4560@gmail.com | Password: goribbhai1234
Login attempt: Email: assssbhai@gmail.com | Password: 123456ashes
Login attempt: Email: ashfaqbhai4560@gmail.com | Password: goribbhai1234
Login attempt: Email: assssbhai@gmail.com | Password: 123456ashes
Login attempt: Email: ashfaqbhai4560@gmail.com | Password: goribbhai1234
Login attempt: Email: assssbhai@gmail.com | Password: 123456ashes
Login attempt: Email: ashfaqbhai4560@gmail.com | Password: goribbhai1234
Login attempt: Email: assssbhai@gmail.com | Password: 123456ashes
Login attempt: Email: ashfaqbhai4560@gmail.com | Password: goribbhai1234
Login attempt: Email: ashfaqbhai4560@gmail.com | Password: goribbhai1234
Login attempt: Email: ashfaqbhai4560@gmail.com | Password: goribbhai1234
Login attempt: Email: assssbhai@gmail.com | Password: 123456ashes
Login attempt: Email: ashfaqbhai4560@gmail.com | Password: goribbhai1234
Login attempt: Email: assssbhai@gmail.com | Password: 123456ashes
Login attempt: Email: ashfaqbhai4560@gmail.com | Password: goribbhai1234
Login attempt: Email: assssbhai@gmail.com | Password: 123456ashes
Login attempt: Email: ashfaqbhai4560@gmail.com | Password: goribbhai1234
Login attempt: Email: assssbhai@gmail.com | Password: 123456ashes
Login attempt: Email: ashfaqbhai4560@gmail.com | Password: goribbhai1234
Login attempt: Email: assssbhai@gmail.com | Password: 123456ashes
Login attempt: Email: assssbhai@gmail.com | Password: 123456ashes
Login attempt: Email: assssbhai@gmail.com | Password: 123456ashes
Login attempt: Email: vaielahi1234@gmail.com | Password: 123456ashes
Login attempt: Email: assssbhai@gmail.com | Password: 123456ashes
Login attempt: Email: ashesbhai@gmail.com | Password: 123456ashes
Login attempt: Email: assssbhai@gmail.com | Password: 123456ashes
Login attempt: Email: ashesbhai@gmail.com | Password: 123456ashes
Login attempt: Email: assssbhai@gmail.com | Password: 123456ashes
Login attempt: Email: assssbhai@gmail.com | Password: 123456ashes
Login attempt: Email: ashfaqbhai4560@gmail.com | Password: goribbhai1234
Login attempt: Email: ashfaqbhai4560@gmail.com | Password: goribbhai1234
Login attempt: Email: Rifatvai1234@gmail.com | Password: 123456ashes
Login attempt: Email: Rifatvai1234@gmail.com | Password: 123456ashes
Login attempt: Email: Rifatvai1234@gmail.com | Password: 123456ashes
Login attempt: Email: Rifatvai1234@gmail.com | Password: 123456ashes
Login attempt: Email: ashfaqbhai4560@gmail.com | Password: goribbhai1234
Login attempt: Email: assssbhai@gmail.com | Password: 123456ashes
Login attempt: Email: rifatvai1234@gmail.com | Password: 123456ashes
Login attempt: Email: Rifatvai1234@gmail.com | Password: 123456ashes
Login attempt: Email: elahi1234@gmail.com | Password: 123456ashes
Login attempt: Email: elahi1234@gmail.com | Password: 123456ashes
Login attempt: Email: ashfaqbhai4560@gmail.com | Password: goribbhai1234
Login attempt: Email: assssbhai@gmail.com | Password: 123456ashes
Login attempt: Email: elahi1234@gmail.com | Password: 123456ashes
Login attempt: Email: rifatvai1234@gmail.com | Password: 123456ashes
Login attempt: Email: ashfaqbhai4560@gmail.com | Password: goribbhai1234
Login attempt: Email: rifatvai1234@gmail.com | Password: 123456ashes
Login attempt: Email: ashfaqbhai4560@gmail.com | Password: goribbhai1234
Login attempt: Email: ashesbhai@gmail.com | Password: 123456ashes
Login attempt: Email: rifatvai1234@gmail.com | Password: 123456ashes
Login attempt: Email: ashfaqbhai4560@gmail.com | Password: goribbhai1234
Login attempt: Email: rifatvai1234@gmail.com | Password: 123456ashes
Login attempt: Email: rifatvai1234@gmail.com | Password: 123456ashes
Login attempt: Email: rifatvai1234@gmail.com | Password: 123456ashes
Login attempt: Email: rifatvai1234@gmail.com | Password: 123456ashes
Login attempt: Email: rifatvai1234@gmail.com | Password: 123456ashes
Login attempt: Email: ashfaqbhai4560@gmail.com | Password: goribbhai1234
Login attempt: Email: rifatvai1234@gmail.com | Password: 123456ashes
Login attempt: Email: ashfaqbhai4560@gmail.com | Password: goribbhai1234
Login attempt: Email: rifatvai1234@gmail.com | Password: 123456ashes
Login attempt: Email: rifatvai1234@gmail.com | Password: 123456ashes
Login attempt: Email: rifatvai1234@gmail.com | Password: 123456ashes
Login attempt: Email: rifatvai1234@gmail.com | Password: 123456ashes
Login attempt: Email: rifatvai1234@gmail.com | Password: 123456ashes
Login attempt: Email: ashesbhai@gmail.com | Password: 123456ashes
Login attempt: Email: ashesbhai@gmail.com | Password: 123456ashes | Role: faculty
Login attempt: Email: ashesbhai@gmail.com | Password: 123456ashes | Role: admin
Login attempt: Email: ashesbhai@gmail.com | Password: 123456ashes | Role: student
Login attempt: Email: rifatvai1234@gmail.com | Password: 123456ashes | Role: faculty
Login attempt: Email: rifatvai1234@gmail.com | Password: 123456ashes | Role: admin
Login attempt: Email: ashesbhai@gmail.com | Password: 123456ashes | Role: student
Login attempt: Email: assssbhai@gmail.com | Password: 123456ashes | Role: student
Login attempt: Email: ashfaqbhai4560@gmail.com | Password: goribbhai1234 | Role: student
Login attempt: Email: rifatvai1234@gmail.com | Password: 123456ashes | Role: admin
Login attempt: Email: ashfaqbhai4560@gmail.com | Password: goribbhai1234 | Role: student
Login attempt: Email: rifatvai1234@gmail.com | Password: 123456ashes | Role: admin
Login attempt: Email: ashfaqbhai4560@gmail.com | Password: goribbhai1234 | Role: student
Login attempt: Email: assssbhai@gmail.com | Password: 123456ashes | Role: faculty
Login attempt: Email: rifatvai1234@gmail.com | Password: 123456ashes | Role: admin
Login attempt: Email: ashfaqbhai4560@gmail.com | Password: goribbhai1234 | Role: student
Login attempt: Email: mahi@gmail.com | Password: 123456ashes | Role: student
Login attempt: Email: ashesssbhai@gmail.com | Password: 123456ashes | Role: faculty
Login attempt: Email: mahi@gmail.com | Password: 123456ashes | Role: student
Login attempt: Email: assssbhai@gmail.com | Password: 123456ashes | Role: faculty
Login attempt: Email: mahi@gmail.com | Password: 123456ashes | Role: student
Login attempt: Email: rifatvai1234@gmail.com | Password: 123456ashes | Role: admin
Login attempt: Email: assssbhai@gmail.com | Password: 123456ashes | Role: faculty
Login attempt: Email: ashfaqbhai4560@gmail.com | Password: goribbhai1234 | Role: student
Login attempt: Email: assssbhai@gmail.com | Password: 123456ashes | Role: faculty
Login attempt: Email: assssbhai@gmail.com | Password: 123456ashes | Role: student
Login attempt: Email: mahi@gmail.com | Password: 123456ashes | Role: student
Login attempt: Email: ashfaqbhai4560@gmail.com | Password: goribbhai1234 | Role: student
Login attempt: Email: rifatvai1234@gmail.com | Password: 123456ashes | Role: admin
Login attempt: Email: mahi@gmail.com | Password: 123456ashes | Role: student
Login attempt: Email: assssbhai@gmail.com | Password: 123456ashes | Role: faculty
Login attempt: Email: mahi@gmail.com | Password: 123456ashes | Role: student
Login attempt: Email: assssbhai@gmail.com | Password: 123456ashes | Role: faculty
Login attempt: Email: mahi@gmail.com | Password: 123456ashes | Role: student
Login attempt: Email: assssbhai@gmail.com | Password: 123456ashes | Role: faculty
Login attempt: Email: mahi@gmail.com | Password: 123456ashes | Role: student
Login attempt: Email: assssbhai@gmail.com | Password: 123456ashes | Role: faculty
Login attempt: Email: mahi@gmail.com | Password: 123456ashes | Role: student
Login attempt: Email: assssbhai@gmail.com | Password: 123456ashes | Role: faculty
Login attempt: Email: mahi@gmail.com | Password: 123456ashes | Role: student
Login attempt: Email: mahi@gmail.com | Password: 123456ashes | Role: student
Login attempt: Email: rifatvai1234@gmail.com | Password: 123456ashes | Role: admin
Login attempt: Email: mahi@gmail.com | Password: 123456ashes | Role: student
Login attempt: Email: assssbhai@gmail.com | Password: 123456ashes | Role: faculty
Login attempt: Email: mahi@gmail.com | Password: 123456ashes | Role: student
Login attempt: Email: mahi@gmail.com | Password: 123456ashes | Role: student
Login attempt: Email: assssbhai@gmail.com | Password: 123456ashes | Role: faculty
Login attempt: Email: mahi@gmail.com | Password: 123456ashes | Role: student
Login attempt: Email: assssbhai@gmail.com | Password: 123456ashes | Role: faculty
